[emmflo@shoryuken code]$ rm *.o *.elf *.hex
[emmflo@shoryuken code]$ avr-gcc -g -Os -mmcu=attiny85 -c main.c ws2812b.S 
main.c: In function 'main':
main.c:41:5: warning: incompatible implicit declaration of built-in function 'memset'
     memset(buf, 0, sizeof(buf));
     ^
[emmflo@shoryuken code]$ avr-gcc -g -mmcu=attiny85 -o test.elf main.o ws2812b.o 
[emmflo@shoryuken code]$ avr-objcopy -j.text -j.data -O ihex test.elf test.hex
[emmflo@shoryuken code]$ avrdude -p attiny85 -c avrisp -P /dev/ttyACM0 -b 19200 -u -U flash:w:test.hex 

avrdude: AVR device initialized and ready to accept instructions

Reading | ################################################## | 100% 0.05s

avrdude: Device signature = 0x1e930b
avrdude: NOTE: "flash" memory has been specified, an erase cycle will be performed
         To disable this feature, specify the -D option.
avrdude: erasing chip
avrdude: reading input file "test.hex"
avrdude: input file test.hex auto detected as Intel Hex
avrdude: writing flash (508 bytes):

Writing | ################################################## | 100% 0.85s

avrdude: 508 bytes of flash written
avrdude: verifying flash memory against test.hex:
avrdude: load data flash data from input file test.hex:
avrdude: input file test.hex auto detected as Intel Hex
avrdude: input file test.hex contains 508 bytes
avrdude: reading on-chip flash data:

Reading | ################################################## | 100% 0.56s

avrdude: verifying ...
avrdude: 508 bytes of flash verified

avrdude done.  Thank you.

[emmflo@shoryuken code]$ 

